{"name": "Заказы пользователя из раздела «История заказов» отображаются на странице «Лента заказов»", "status": "broken", "statusDetails": {"message": "selenium.common.exceptions.TimeoutException: Message:", "trace": "self = <test_orders_feed.TestOrdersLine object at 0x0000025275C374F0>, driver = <selenium.webdriver.firefox.webdriver.WebDriver (session=\"0fd53668-c520-41b0-b129-f2891b96b426\")>\nuser_with_payload = <utils.special_requests.UserRequests object at 0x0000025275BB7940>\n\n    @allure.title('Заказы пользователя из раздела «История заказов» отображаются на странице «Лента заказов»')\n    def test_new_order_in_orders_feed(self, driver, user_with_payload):\n        entrance_page = LoginPage(driver)\n        entrance_page.open_page(URLS.LOGIN_PAGE_SECTION)\n        entrance_page.wait_for_login_page_header()\n        entrance_page.fill_email_and_password_and_enter(email=user_with_payload.payload['email'],\n                                                        password=user_with_payload.payload['password'])\n        main_page = MainPage(driver)\n        main_page.wait_for_main_page_header()\n        main_page.make_order()\n>       order_id = main_page.get_order_id()\n\ntests\\test_orders_feed.py:34: \n_ _ _ _ _ _ _ _ _ _ _ _ _ _ _ _ _ _ _ _ _ _ _ _ _ _ _ _ _ _ _ _ _ _ _ _ _ _ _ _ _ _ _ _ _ _ _ _ _ _ _ _ _ _ _ _ _ _ _ _ _ _ _ _ _ _ _ _ _ _ _ _ _ _ _ _ _ _ _ _ _ _ _ _ _ _ _ _ _ _ _ _\npages\\main_page.py:67: in get_order_id\n    self.wait_for_disappear(MainPageLocators.TEMPORARY_ORDER_MODAL_HEADER)\npages\\base_page.py:57: in wait_for_disappear\n    WebDriverWait(self.driver, 20).until(EC.invisibility_of_element_located(locator))\n_ _ _ _ _ _ _ _ _ _ _ _ _ _ _ _ _ _ _ _ _ _ _ _ _ _ _ _ _ _ _ _ _ _ _ _ _ _ _ _ _ _ _ _ _ _ _ _ _ _ _ _ _ _ _ _ _ _ _ _ _ _ _ _ _ _ _ _ _ _ _ _ _ _ _ _ _ _ _ _ _ _ _ _ _ _ _ _ _ _ _ _\n\nself = <selenium.webdriver.support.wait.WebDriverWait (session=\"0fd53668-c520-41b0-b129-f2891b96b426\")>\nmethod = <function invisibility_of_element_located.<locals>._predicate at 0x0000025275C54160>, message = ''\n\n    def until(self, method: Callable[[D], Union[Literal[False], T]], message: str = \"\") -> T:\n        \"\"\"Calls the method provided with the driver as an argument until the \\\n        return value does not evaluate to ``False``.\n    \n        :param method: callable(WebDriver)\n        :param message: optional message for :exc:`TimeoutException`\n        :returns: the result of the last call to `method`\n        :raises: :exc:`selenium.common.exceptions.TimeoutException` if timeout occurs\n        \"\"\"\n        screen = None\n        stacktrace = None\n    \n        end_time = time.monotonic() + self._timeout\n        while True:\n            try:\n                value = method(self._driver)\n                if value:\n                    return value\n            except self._ignored_exceptions as exc:\n                screen = getattr(exc, \"screen\", None)\n                stacktrace = getattr(exc, \"stacktrace\", None)\n            time.sleep(self._poll)\n            if time.monotonic() > end_time:\n                break\n>       raise TimeoutException(message, screen, stacktrace)\nE       selenium.common.exceptions.TimeoutException: Message:\n\nvenv\\lib\\site-packages\\selenium\\webdriver\\support\\wait.py:105: TimeoutException"}, "steps": [{"name": "Открываем страницу", "status": "passed", "parameters": [{"name": "subdir", "value": "'login'"}], "start": 1718152408177, "stop": 1718152409510}, {"name": "Ждем загрузки заголовка страницы входа", "status": "passed", "steps": [{"name": "Ждем загрузки элемента", "status": "passed", "parameters": [{"name": "locator", "value": "('xpath', \"//h2[text()='Вход']\")"}], "start": 1718152409511, "stop": 1718152409586}], "start": 1718152409510, "stop": 1718152409586}, {"name": "Заполняем поля email и пароль, нажимаем на вход", "status": "passed", "steps": [{"name": "Ждем загрузки заголовка страницы входа", "status": "passed", "steps": [{"name": "Ждем загрузки элемента", "status": "passed", "parameters": [{"name": "locator", "value": "('xpath', \"//h2[text()='Вход']\")"}], "start": 1718152409587, "stop": 1718152409652}], "start": 1718152409587, "stop": 1718152409652}, {"name": "Вводим email", "status": "passed", "steps": [{"name": "Вводим текст в элемент", "status": "passed", "steps": [{"name": "Ищем элемент по локатору", "status": "passed", "parameters": [{"name": "locator", "value": "('xpath', \"//label[text()='Email']/following-sibling::input[@name='name']\")"}, {"name": "time", "value": "10"}], "start": 1718152409662, "stop": 1718152409672}], "parameters": [{"name": "locator", "value": "('xpath', \"//label[text()='Email']/following-sibling::input[@name='name']\")"}, {"name": "time", "value": "10"}, {"name": "keys", "value": "'thompsondaniel@example.net'"}], "start": 1718152409653, "stop": 1718152409925}], "parameters": [{"name": "email", "value": "'thompsondaniel@example.net'"}], "start": 1718152409653, "stop": 1718152409925}, {"name": "Вводим пароль", "status": "passed", "steps": [{"name": "Вводим текст в элемент", "status": "passed", "steps": [{"name": "Ищем элемент по локатору", "status": "passed", "parameters": [{"name": "locator", "value": "('xpath', \".//input[@type='password']\")"}, {"name": "time", "value": "10"}], "start": 1718152409950, "stop": 1718152409959}], "parameters": [{"name": "locator", "value": "('xpath', \".//input[@type='password']\")"}, {"name": "time", "value": "10"}, {"name": "keys", "value": "'rbtvjmvdxe'"}], "start": 1718152409926, "stop": 1718152410004}], "parameters": [{"name": "password", "value": "'rbtvjmvdxe'"}], "start": 1718152409926, "stop": 1718152410004}, {"name": "Нажимаем кнопку Войти", "status": "passed", "steps": [{"name": "Клик по элементу", "status": "passed", "parameters": [{"name": "locator", "value": "('xpath', \"//button[text()='Войти']\")"}, {"name": "time", "value": "10"}], "start": 1718152410004, "stop": 1718152410035}], "start": 1718152410004, "stop": 1718152410035}, {"name": "Проверяем url", "status": "passed", "parameters": [{"name": "subdir", "value": "''"}], "start": 1718152410036, "stop": 1718152410040}], "parameters": [{"name": "email", "value": "'thompsondaniel@example.net'"}, {"name": "password", "value": "'rbtvjmvdxe'"}], "start": 1718152409587, "stop": 1718152410040}, {"name": "Ждем загрузки заголовка главной страницы проекта", "status": "passed", "steps": [{"name": "Ждем загрузки элемента", "status": "passed", "parameters": [{"name": "locator", "value": "('xpath', \".//h1[text()='Соберите бургер']\")"}], "start": 1718152410040, "stop": 1718152410635}], "start": 1718152410040, "stop": 1718152410636}, {"name": "Создаем заказ", "status": "passed", "steps": [{"name": "Перетаскиваем первый ингредиент в корзину", "status": "passed", "steps": [{"name": "Драг-н-дроп элемента на элемент", "status": "passed", "parameters": [{"name": "source", "value": "('xpath', \"//a[contains(@class, 'BurgerIngredient_ingredient_')][1]\")"}, {"name": "target", "value": "('xpath', \"//section[contains(@class, 'BurgerConstructor_basket')]\")"}], "start": 1718152410636, "stop": 1718152411291}], "start": 1718152410636, "stop": 1718152411291}, {"name": "Кликаем Оформить заказ", "status": "passed", "steps": [{"name": "Клик по элементу", "status": "passed", "parameters": [{"name": "locator", "value": "('xpath', \"//button[text()='Оформить заказ']\")"}, {"name": "time", "value": "10"}], "start": 1718152411291, "stop": 1718152411345}], "start": 1718152411291, "stop": 1718152411345}], "start": 1718152410636, "stop": 1718152411345}, {"name": "Получаем значение ID заказа при его оформлении", "status": "broken", "statusDetails": {"message": "selenium.common.exceptions.TimeoutException: Message: \n\n", "trace": "  File \"C:\\Users\\79213\\PycharmProjects\\Diplom3\\venv\\lib\\site-packages\\allure_commons\\_allure.py\", line 192, in impl\n    return func(*a, **kw)\n  File \"C:\\Users\\79213\\PycharmProjects\\Diplom3\\pages\\main_page.py\", line 67, in get_order_id\n    self.wait_for_disappear(MainPageLocators.TEMPORARY_ORDER_MODAL_HEADER)\n  File \"C:\\Users\\79213\\PycharmProjects\\Diplom3\\venv\\lib\\site-packages\\allure_commons\\_allure.py\", line 192, in impl\n    return func(*a, **kw)\n  File \"C:\\Users\\79213\\PycharmProjects\\Diplom3\\pages\\base_page.py\", line 57, in wait_for_disappear\n    WebDriverWait(self.driver, 20).until(EC.invisibility_of_element_located(locator))\n  File \"C:\\Users\\79213\\PycharmProjects\\Diplom3\\venv\\lib\\site-packages\\selenium\\webdriver\\support\\wait.py\", line 105, in until\n    raise TimeoutException(message, screen, stacktrace)\n"}, "steps": [{"name": "Ждем исчезновения элемента из DOMа", "status": "broken", "statusDetails": {"message": "selenium.common.exceptions.TimeoutException: Message: \n\n", "trace": "  File \"C:\\Users\\79213\\PycharmProjects\\Diplom3\\venv\\lib\\site-packages\\allure_commons\\_allure.py\", line 192, in impl\n    return func(*a, **kw)\n  File \"C:\\Users\\79213\\PycharmProjects\\Diplom3\\pages\\base_page.py\", line 57, in wait_for_disappear\n    WebDriverWait(self.driver, 20).until(EC.invisibility_of_element_located(locator))\n  File \"C:\\Users\\79213\\PycharmProjects\\Diplom3\\venv\\lib\\site-packages\\selenium\\webdriver\\support\\wait.py\", line 105, in until\n    raise TimeoutException(message, screen, stacktrace)\n"}, "parameters": [{"name": "locator", "value": "('xpath', \"//h2[text()='9999']\")"}, {"name": "time", "value": "10"}], "start": 1718152411345, "stop": 1718152431690}], "start": 1718152411345, "stop": 1718152431694}], "parameters": [{"name": "driver", "value": "'firefox'"}], "start": 1718152408177, "stop": 1718152431698, "uuid": "c987f673-3d79-4116-8be3-7773b566c801", "historyId": "16e15b85987baffa126f70de16268f06", "testCaseId": "628d50f7c2593607350c2d1e8eece5fe", "fullName": "tests.test_orders_feed.TestOrdersLine#test_new_order_in_orders_feed", "labels": [{"name": "parentSuite", "value": "tests"}, {"name": "suite", "value": "test_orders_feed"}, {"name": "subSuite", "value": "TestOrdersLine"}, {"name": "host", "value": "LAPTOP-0R0O0291"}, {"name": "thread", "value": "27560-MainThread"}, {"name": "framework", "value": "pytest"}, {"name": "language", "value": "cpython3"}, {"name": "package", "value": "tests.test_orders_feed"}]}