{"name": "Из личного кабинета можно перейти в Историю Заказов", "status": "broken", "statusDetails": {"message": "selenium.common.exceptions.TimeoutException: Message: \nStacktrace:\nRemoteError@chrome://remote/content/shared/RemoteError.sys.mjs:8:8\nWebDriverError@chrome://remote/content/shared/webdriver/Errors.sys.mjs:193:5\nNoSuchElementError@chrome://remote/content/shared/webdriver/Errors.sys.mjs:511:5\ndom.find/</<@chrome://remote/content/shared/DOM.sys.mjs:136:16", "trace": "self = <test_private_area.TestPrivateArea object at 0x0000025275C35C70>, driver = <selenium.webdriver.firefox.webdriver.WebDriver (session=\"ee691818-e617-4514-b057-01fb0522bee0\")>\nuser_with_payload = <utils.special_requests.UserRequests object at 0x0000025275CC5F10>\n\n    @allure.title('Из личного кабинета можно перейти в Историю Заказов')\n    def test_private_area_route_to_history(self, driver, user_with_payload):\n        login_page = LoginPage(driver)\n        login_page.open_page(subdir=URLS.LOGIN_PAGE_SECTION)\n        login_page.wait_for_login_page_header()\n        login_page.fill_email_and_password_and_enter(email=user_with_payload.payload['email'],\n                                                     password=user_with_payload.payload['password'])\n    \n        main_page = MainPage(driver)\n>       main_page.wait_for_main_page_header()\n\ntests\\test_private_area.py:27: \n_ _ _ _ _ _ _ _ _ _ _ _ _ _ _ _ _ _ _ _ _ _ _ _ _ _ _ _ _ _ _ _ _ _ _ _ _ _ _ _ _ _ _ _ _ _ _ _ _ _ _ _ _ _ _ _ _ _ _ _ _ _ _ _ _ _ _ _ _ _ _ _ _ _ _ _ _ _ _ _ _ _ _ _ _ _ _ _ _ _ _ _\npages\\main_page.py:13: in wait_for_main_page_header\n    self.wait_loading_of_element(MainPageLocators.MAIN_PAGE_HEADER)\npages\\base_page.py:25: in wait_loading_of_element\n    return WebDriverWait(self.driver, 25).until(EC.visibility_of_element_located(locator))\n_ _ _ _ _ _ _ _ _ _ _ _ _ _ _ _ _ _ _ _ _ _ _ _ _ _ _ _ _ _ _ _ _ _ _ _ _ _ _ _ _ _ _ _ _ _ _ _ _ _ _ _ _ _ _ _ _ _ _ _ _ _ _ _ _ _ _ _ _ _ _ _ _ _ _ _ _ _ _ _ _ _ _ _ _ _ _ _ _ _ _ _\n\nself = <selenium.webdriver.support.wait.WebDriverWait (session=\"ee691818-e617-4514-b057-01fb0522bee0\")>\nmethod = <function visibility_of_element_located.<locals>._predicate at 0x0000025275CCD550>, message = ''\n\n    def until(self, method: Callable[[D], Union[Literal[False], T]], message: str = \"\") -> T:\n        \"\"\"Calls the method provided with the driver as an argument until the \\\n        return value does not evaluate to ``False``.\n    \n        :param method: callable(WebDriver)\n        :param message: optional message for :exc:`TimeoutException`\n        :returns: the result of the last call to `method`\n        :raises: :exc:`selenium.common.exceptions.TimeoutException` if timeout occurs\n        \"\"\"\n        screen = None\n        stacktrace = None\n    \n        end_time = time.monotonic() + self._timeout\n        while True:\n            try:\n                value = method(self._driver)\n                if value:\n                    return value\n            except self._ignored_exceptions as exc:\n                screen = getattr(exc, \"screen\", None)\n                stacktrace = getattr(exc, \"stacktrace\", None)\n            time.sleep(self._poll)\n            if time.monotonic() > end_time:\n                break\n>       raise TimeoutException(message, screen, stacktrace)\nE       selenium.common.exceptions.TimeoutException: Message: \nE       Stacktrace:\nE       RemoteError@chrome://remote/content/shared/RemoteError.sys.mjs:8:8\nE       WebDriverError@chrome://remote/content/shared/webdriver/Errors.sys.mjs:193:5\nE       NoSuchElementError@chrome://remote/content/shared/webdriver/Errors.sys.mjs:511:5\nE       dom.find/</<@chrome://remote/content/shared/DOM.sys.mjs:136:16\n\nvenv\\lib\\site-packages\\selenium\\webdriver\\support\\wait.py:105: TimeoutException"}, "steps": [{"name": "Открываем страницу", "status": "passed", "parameters": [{"name": "subdir", "value": "'login'"}], "start": 1718152703696, "stop": 1718152705965}, {"name": "Ждем загрузки заголовка страницы входа", "status": "passed", "steps": [{"name": "Ждем загрузки элемента", "status": "passed", "parameters": [{"name": "locator", "value": "('xpath', \"//h2[text()='Вход']\")"}], "start": 1718152705965, "stop": 1718152706073}], "start": 1718152705965, "stop": 1718152706073}, {"name": "Заполняем поля email и пароль, нажимаем на вход", "status": "passed", "steps": [{"name": "Ждем загрузки заголовка страницы входа", "status": "passed", "steps": [{"name": "Ждем загрузки элемента", "status": "passed", "parameters": [{"name": "locator", "value": "('xpath', \"//h2[text()='Вход']\")"}], "start": 1718152706074, "stop": 1718152706103}], "start": 1718152706074, "stop": 1718152706103}, {"name": "Вводим email", "status": "passed", "steps": [{"name": "Вводим текст в элемент", "status": "passed", "steps": [{"name": "Ищем элемент по локатору", "status": "passed", "parameters": [{"name": "locator", "value": "('xpath', \"//label[text()='Email']/following-sibling::input[@name='name']\")"}, {"name": "time", "value": "10"}], "start": 1718152706113, "stop": 1718152706120}], "parameters": [{"name": "locator", "value": "('xpath', \"//label[text()='Email']/following-sibling::input[@name='name']\")"}, {"name": "time", "value": "10"}, {"name": "keys", "value": "'fsmith@example.com'"}], "start": 1718152706103, "stop": 1718152706324}], "parameters": [{"name": "email", "value": "'fsmith@example.com'"}], "start": 1718152706103, "stop": 1718152706324}, {"name": "Вводим пароль", "status": "passed", "steps": [{"name": "Вводим текст в элемент", "status": "passed", "steps": [{"name": "Ищем элемент по локатору", "status": "passed", "parameters": [{"name": "locator", "value": "('xpath', \".//input[@type='password']\")"}, {"name": "time", "value": "10"}], "start": 1718152706352, "stop": 1718152706364}], "parameters": [{"name": "locator", "value": "('xpath', \".//input[@type='password']\")"}, {"name": "time", "value": "10"}, {"name": "keys", "value": "'zgtqzjscsx'"}], "start": 1718152706325, "stop": 1718152706416}], "parameters": [{"name": "password", "value": "'zgtqzjscsx'"}], "start": 1718152706324, "stop": 1718152706416}, {"name": "Нажимаем кнопку Войти", "status": "passed", "steps": [{"name": "Клик по элементу", "status": "passed", "parameters": [{"name": "locator", "value": "('xpath', \"//button[text()='Войти']\")"}, {"name": "time", "value": "10"}], "start": 1718152706417, "stop": 1718152706451}], "start": 1718152706417, "stop": 1718152706451}, {"name": "Проверяем url", "status": "passed", "parameters": [{"name": "subdir", "value": "''"}], "start": 1718152706452, "stop": 1718152706456}], "parameters": [{"name": "email", "value": "'fsmith@example.com'"}, {"name": "password", "value": "'zgtqzjscsx'"}], "start": 1718152706074, "stop": 1718152706456}, {"name": "Ждем загрузки заголовка главной страницы проекта", "status": "broken", "statusDetails": {"message": "selenium.common.exceptions.TimeoutException: Message: \nStacktrace:\nRemoteError@chrome://remote/content/shared/RemoteError.sys.mjs:8:8\nWebDriverError@chrome://remote/content/shared/webdriver/Errors.sys.mjs:193:5\nNoSuchElementError@chrome://remote/content/shared/webdriver/Errors.sys.mjs:511:5\ndom.find/</<@chrome://remote/content/shared/DOM.sys.mjs:136:16\n\n", "trace": "  File \"C:\\Users\\79213\\PycharmProjects\\Diplom3\\venv\\lib\\site-packages\\allure_commons\\_allure.py\", line 192, in impl\n    return func(*a, **kw)\n  File \"C:\\Users\\79213\\PycharmProjects\\Diplom3\\pages\\main_page.py\", line 13, in wait_for_main_page_header\n    self.wait_loading_of_element(MainPageLocators.MAIN_PAGE_HEADER)\n  File \"C:\\Users\\79213\\PycharmProjects\\Diplom3\\venv\\lib\\site-packages\\allure_commons\\_allure.py\", line 192, in impl\n    return func(*a, **kw)\n  File \"C:\\Users\\79213\\PycharmProjects\\Diplom3\\pages\\base_page.py\", line 25, in wait_loading_of_element\n    return WebDriverWait(self.driver, 25).until(EC.visibility_of_element_located(locator))\n  File \"C:\\Users\\79213\\PycharmProjects\\Diplom3\\venv\\lib\\site-packages\\selenium\\webdriver\\support\\wait.py\", line 105, in until\n    raise TimeoutException(message, screen, stacktrace)\n"}, "steps": [{"name": "Ждем загрузки элемента", "status": "broken", "statusDetails": {"message": "selenium.common.exceptions.TimeoutException: Message: \nStacktrace:\nRemoteError@chrome://remote/content/shared/RemoteError.sys.mjs:8:8\nWebDriverError@chrome://remote/content/shared/webdriver/Errors.sys.mjs:193:5\nNoSuchElementError@chrome://remote/content/shared/webdriver/Errors.sys.mjs:511:5\ndom.find/</<@chrome://remote/content/shared/DOM.sys.mjs:136:16\n\n", "trace": "  File \"C:\\Users\\79213\\PycharmProjects\\Diplom3\\venv\\lib\\site-packages\\allure_commons\\_allure.py\", line 192, in impl\n    return func(*a, **kw)\n  File \"C:\\Users\\79213\\PycharmProjects\\Diplom3\\pages\\base_page.py\", line 25, in wait_loading_of_element\n    return WebDriverWait(self.driver, 25).until(EC.visibility_of_element_located(locator))\n  File \"C:\\Users\\79213\\PycharmProjects\\Diplom3\\venv\\lib\\site-packages\\selenium\\webdriver\\support\\wait.py\", line 105, in until\n    raise TimeoutException(message, screen, stacktrace)\n"}, "parameters": [{"name": "locator", "value": "('xpath', \".//h1[text()='Соберите бургер']\")"}], "start": 1718152706457, "stop": 1718152731544}], "start": 1718152706457, "stop": 1718152731545}], "parameters": [{"name": "driver", "value": "'firefox'"}], "start": 1718152703696, "stop": 1718152731547, "uuid": "0bd2785e-eb47-4f9d-92b5-c120709928d8", "historyId": "b8207a1c420d17f918e7a816ff779eb5", "testCaseId": "82419a49300cd398ff7d270138757118", "fullName": "tests.test_private_area.TestPrivateArea#test_private_area_route_to_history", "labels": [{"name": "parentSuite", "value": "tests"}, {"name": "suite", "value": "test_private_area"}, {"name": "subSuite", "value": "TestPrivateArea"}, {"name": "host", "value": "LAPTOP-0R0O0291"}, {"name": "thread", "value": "27560-MainThread"}, {"name": "framework", "value": "pytest"}, {"name": "language", "value": "cpython3"}, {"name": "package", "value": "tests.test_private_area"}]}